<?xml version="1.0" encoding="UTF-8"?>
<!-- Generated by org.testng.reporters.JUnitReportReporter -->
<testsuite hostname="DHOOT" failures="0" tests="1" name="testcases.TC_002_LibraryApiTesting" time="4.948" errors="0" timestamp="2021-05-19T19:48:26 EDT" skipped="0">
  <testcase classname="testcases.TC_002_LibraryApiTesting" name="tc_001_AddBookToLibrary" time="4.948"/>
  <system-out/>
</testsuite> <!-- testcases.TC_002_LibraryApiTesting -->
