<?xml version="1.0" encoding="UTF-8"?>
<!-- Generated by org.testng.reporters.JUnitReportReporter -->
<testsuite hostname="DHOOT" failures="0" tests="3" name="testcases.TC_003_DataWithDataProvider" time="10.558" errors="0" timestamp="2021-05-19T23:14:09 EDT" skipped="0">
  <testcase classname="testcases.TC_003_DataWithDataProvider" name="tc_001_AddBooks" time="9.043"/>
  <system-out/>
  <testcase classname="testcases.TC_003_DataWithDataProvider" name="tc_001_AddBooks" time="0.741"/>
  <system-out/>
  <testcase classname="testcases.TC_003_DataWithDataProvider" name="tc_001_AddBooks" time="0.774"/>
  <system-out/>
</testsuite> <!-- testcases.TC_003_DataWithDataProvider -->
