<?xml version="1.0" encoding="UTF-8"?>
<!-- Generated by org.testng.reporters.JUnitReportReporter -->
<testsuite hostname="DHOOT" failures="0" tests="1" name="testcases.TC_004_JsonDataFromFile" time="4.500" errors="0" timestamp="2021-05-19T23:47:56 EDT" skipped="0">
  <testcase classname="testcases.TC_004_JsonDataFromFile" name="tc_001_AddBooks" time="4.500"/>
  <system-out/>
</testsuite> <!-- testcases.TC_004_JsonDataFromFile -->
